<?xml version="1.0" encoding="UTF-8"?>
<!-- Generated by org.testng.reporters.JUnitXMLReporter -->
<testsuite ignored="0" hostname="DESKTOP-H6NJROD" failures="0" tests="1" name="Test-runner-2" time="40.354" errors="0" timestamp="2024-01-12T23:03:51 IST">
  <testcase classname="contactsTests.Contac_byAssertionpractise" name="create_contact" time="20.877"/>
</testsuite> <!-- Test-runner-2 -->
