<?xml version="1.0" encoding="UTF-8"?>
<!-- Generated by org.testng.reporters.JUnitReportReporter -->
<testsuite hostname="DESKTOP-H6NJROD" failures="0" tests="1" name="contactsTests.CreateContactwithTestNg" time="29.368" errors="0" timestamp="2024-01-08T07:52:35 IST" skipped="0">
  <testcase classname="contactsTests.CreateContactwithTestNg" name="create_contact" time="29.368"/>
</testsuite> <!-- contactsTests.CreateContactwithTestNg -->
