<?xml version="1.0" encoding="UTF-8"?>
<!-- Generated by org.testng.reporters.JUnitReportReporter -->
<testsuite hostname="DESKTOP-H6NJROD" failures="0" tests="1" name="contactsTests.Createcontactwith_leadsource" time="14.739" errors="0" timestamp="2024-01-16T23:11:43 IST" skipped="0">
  <testcase classname="contactsTests.Createcontactwith_leadsource" name="create_contact" time="14.739"/>
</testsuite> <!-- contactsTests.Createcontactwith_leadsource -->
