<?xml version="1.0" encoding="UTF-8"?>
<!-- Generated by org.testng.reporters.JUnitReportReporter -->
<testsuite hostname="DESKTOP-H6NJROD" failures="0" tests="1" name="contactsTests.Contactby_testngsuit_implimentation" time="14.283" errors="0" timestamp="2023-12-21T23:40:36 IST" skipped="0">
  <testcase classname="contactsTests.Contactby_testngsuit_implimentation" name="create_contact" time="14.283"/>
</testsuite> <!-- contactsTests.Contactby_testngsuit_implimentation -->
