<?xml version="1.0" encoding="UTF-8"?>
<!-- Generated by org.testng.reporters.JUnitReportReporter -->
<testsuite hostname="DESKTOP-H6NJROD" failures="0" tests="8" name="contactsTests.Invoccation_count_testNG" time="0.021" errors="0" timestamp="2023-12-21T23:50:26 IST" skipped="0">
  <testcase classname="contactsTests.Invoccation_count_testNG" name="login" time="0.002"/>
  <testcase classname="contactsTests.Invoccation_count_testNG" name="login" time="0.003"/>
  <testcase classname="contactsTests.Invoccation_count_testNG" name="login" time="0.002"/>
  <testcase classname="contactsTests.Invoccation_count_testNG" name="login" time="0.003"/>
  <testcase classname="contactsTests.Invoccation_count_testNG" name="login" time="0.002"/>
  <testcase classname="contactsTests.Invoccation_count_testNG" name="register" time="0.002"/>
  <testcase classname="contactsTests.Invoccation_count_testNG" name="addTocart" time="0.006"/>
  <testcase classname="contactsTests.Invoccation_count_testNG" name="placeorder" time="0.001"/>
</testsuite> <!-- contactsTests.Invoccation_count_testNG -->
