<?xml version="1.0" encoding="UTF-8"?>
<!-- Generated by org.testng.reporters.JUnitReportReporter -->
<testsuite hostname="DESKTOP-H6NJROD" failures="0" tests="1" name="contactsTests.CreatecontactwithPOM" time="19.843" errors="0" timestamp="2023-12-14T23:55:08 IST" skipped="0">
  <testcase classname="contactsTests.CreatecontactwithPOM" name="createcontat" time="19.843"/>
  <system-out/>
</testsuite> <!-- contactsTests.CreatecontactwithPOM -->
