<?xml version="1.0" encoding="UTF-8"?>
<!-- Generated by org.testng.reporters.JUnitReportReporter -->
<testsuite hostname="DESKTOP-H6NJROD" failures="0" tests="1" name="contactsTests.Assertionpractise_in_contact" time="14.569" errors="0" timestamp="2023-12-21T23:50:26 IST" skipped="0">
  <testcase classname="contactsTests.Assertionpractise_in_contact" name="create_contact" time="14.569"/>
</testsuite> <!-- contactsTests.Assertionpractise_in_contact -->
