<?xml version="1.0" encoding="UTF-8"?>
<!-- Generated by org.testng.reporters.JUnitReportReporter -->
<testsuite hostname="DESKTOP-H6NJROD" failures="0" tests="4" name="contactsTests.Priorities_testNg" time="0.066" errors="0" timestamp="2024-01-12T23:03:51 IST" skipped="0">
  <testcase classname="contactsTests.Priorities_testNg" name="register" time="0.028"/>
  <testcase classname="contactsTests.Priorities_testNg" name="login" time="0.009"/>
  <testcase classname="contactsTests.Priorities_testNg" name="addTocart" time="0.022"/>
  <testcase classname="contactsTests.Priorities_testNg" name="placeorder" time="0.007"/>
</testsuite> <!-- contactsTests.Priorities_testNg -->
